<?xml version="1.0" encoding="UTF-8"?>
<testsuite name="EmployeeLoginTest" tests="7" skipped="0" failures="0" errors="0" timestamp="2021-05-17T18:06:53" hostname="DESKTOP-E89CUOL" time="2.49">
  <properties/>
  <testcase name="handleLoginTestFail" classname="EmployeeLoginTest" time="2.202"/>
  <testcase name="displayHomeScreenTest" classname="EmployeeLoginTest" time="0.022"/>
  <testcase name="handleLoginTest" classname="EmployeeLoginTest" time="0.02"/>
  <testcase name="doPageTest" classname="EmployeeLoginTest" time="0.159"/>
  <testcase name="validLoginTest" classname="EmployeeLoginTest" time="0.019"/>
  <testcase name="getCurrentEmployeeTest" classname="EmployeeLoginTest" time="0.02"/>
  <testcase name="createReimbursementRequestTest" classname="EmployeeLoginTest" time="0.048"/>
  <system-out><![CDATA[success
success
Failure
success
success
Success
success
success
Success
success
success
success
success
success
success
Success
success
success
]]></system-out>
  <system-err><![CDATA[log4j:WARN No appenders could be found for logger (io.javalin.Javalin).
log4j:WARN Please initialize the log4j system properly.
log4j:WARN See http://logging.apache.org/log4j/1.2/faq.html#noconfig for more info.
]]></system-err>
</testsuite>
